[2024-12-18 16:51:39Z INFO HostContext] No proxy settings were found based on environmental variables (http_proxy/https_proxy/HTTP_PROXY/HTTPS_PROXY)
[2024-12-18 16:51:39Z INFO HostContext] Well known directory 'Bin': 'D:\CODE\NODEE\Test1\actions-runner\bin'
[2024-12-18 16:51:39Z INFO HostContext] Well known directory 'Root': 'D:\CODE\NODEE\Test1\actions-runner'
[2024-12-18 16:51:39Z INFO HostContext] Well known config file 'Credentials': 'D:\CODE\NODEE\Test1\actions-runner\.credentials'
[2024-12-18 16:51:39Z INFO HostContext] Well known directory 'Bin': 'D:\CODE\NODEE\Test1\actions-runner\bin'
[2024-12-18 16:51:39Z INFO HostContext] Well known directory 'Root': 'D:\CODE\NODEE\Test1\actions-runner'
[2024-12-18 16:51:39Z INFO HostContext] Well known config file 'Runner': 'D:\CODE\NODEE\Test1\actions-runner\.runner'
[2024-12-18 16:51:39Z INFO Listener] Runner is built for Windows (X64) - win-x64.
[2024-12-18 16:51:39Z INFO Listener] RuntimeInformation: Microsoft Windows 10.0.26100.
[2024-12-18 16:51:39Z INFO Listener] Version: 2.321.0
[2024-12-18 16:51:39Z INFO Listener] Commit: e249007931b7c8e857797fa259c167f0bd4f997a
[2024-12-18 16:51:39Z INFO Listener] Culture: en-IN
[2024-12-18 16:51:39Z INFO Listener] UI Culture: en-US
[2024-12-18 16:51:39Z INFO HostContext] Well known directory 'Bin': 'D:\CODE\NODEE\Test1\actions-runner\bin'
[2024-12-18 16:51:39Z INFO HostContext] Well known directory 'Root': 'D:\CODE\NODEE\Test1\actions-runner'
[2024-12-18 16:51:39Z INFO Listener] Validating directory permissions for: 'D:\CODE\NODEE\Test1\actions-runner'
[2024-12-18 16:51:39Z INFO CommandLineParser] Parse
[2024-12-18 16:51:39Z INFO CommandLineParser] Parsing 5 args
[2024-12-18 16:51:39Z INFO CommandLineParser] parsing argument
[2024-12-18 16:51:39Z INFO CommandLineParser] HasArgs: False
[2024-12-18 16:51:39Z INFO CommandLineParser] Adding Command: configure
[2024-12-18 16:51:39Z INFO CommandLineParser] parsing argument
[2024-12-18 16:51:39Z INFO CommandLineParser] HasArgs: True
[2024-12-18 16:51:39Z INFO CommandLineParser] arg: url
[2024-12-18 16:51:39Z INFO CommandLineParser] parsing argument
[2024-12-18 16:51:39Z INFO CommandLineParser] HasArgs: True
[2024-12-18 16:51:39Z INFO CommandLineParser] Adding option 'url': 'https://github.com/adharsh-18/node-docker-example'
[2024-12-18 16:51:39Z INFO CommandLineParser] parsing argument
[2024-12-18 16:51:39Z INFO CommandLineParser] HasArgs: True
[2024-12-18 16:51:39Z INFO CommandLineParser] arg: token
[2024-12-18 16:51:39Z INFO CommandLineParser] parsing argument
[2024-12-18 16:51:39Z INFO CommandLineParser] HasArgs: True
[2024-12-18 16:51:39Z INFO CommandLineParser] Adding option 'token': '***'
[2024-12-18 16:51:39Z INFO Listener] Arguments parsed
[2024-12-18 16:51:39Z INFO Runner] ExecuteCommand
[2024-12-18 16:51:39Z INFO ConfigurationStore] currentAssemblyLocation: D:\CODE\NODEE\Test1\actions-runner\bin\Runner.Listener.dll
[2024-12-18 16:51:39Z INFO HostContext] Well known directory 'Bin': 'D:\CODE\NODEE\Test1\actions-runner\bin'
[2024-12-18 16:51:39Z INFO ConfigurationStore] binPath: D:\CODE\NODEE\Test1\actions-runner\bin
[2024-12-18 16:51:39Z INFO HostContext] Well known directory 'Bin': 'D:\CODE\NODEE\Test1\actions-runner\bin'
[2024-12-18 16:51:39Z INFO HostContext] Well known directory 'Root': 'D:\CODE\NODEE\Test1\actions-runner'
[2024-12-18 16:51:39Z INFO ConfigurationStore] RootFolder: D:\CODE\NODEE\Test1\actions-runner
[2024-12-18 16:51:39Z INFO HostContext] Well known directory 'Bin': 'D:\CODE\NODEE\Test1\actions-runner\bin'
[2024-12-18 16:51:39Z INFO HostContext] Well known directory 'Root': 'D:\CODE\NODEE\Test1\actions-runner'
[2024-12-18 16:51:39Z INFO HostContext] Well known config file 'Runner': 'D:\CODE\NODEE\Test1\actions-runner\.runner'
[2024-12-18 16:51:39Z INFO ConfigurationStore] ConfigFilePath: D:\CODE\NODEE\Test1\actions-runner\.runner
[2024-12-18 16:51:39Z INFO HostContext] Well known directory 'Bin': 'D:\CODE\NODEE\Test1\actions-runner\bin'
[2024-12-18 16:51:39Z INFO HostContext] Well known directory 'Root': 'D:\CODE\NODEE\Test1\actions-runner'
[2024-12-18 16:51:39Z INFO HostContext] Well known config file 'Credentials': 'D:\CODE\NODEE\Test1\actions-runner\.credentials'
[2024-12-18 16:51:39Z INFO ConfigurationStore] CredFilePath: D:\CODE\NODEE\Test1\actions-runner\.credentials
[2024-12-18 16:51:39Z INFO HostContext] Well known directory 'Bin': 'D:\CODE\NODEE\Test1\actions-runner\bin'
[2024-12-18 16:51:39Z INFO HostContext] Well known directory 'Root': 'D:\CODE\NODEE\Test1\actions-runner'
[2024-12-18 16:51:39Z INFO HostContext] Well known config file 'MigratedCredentials': 'D:\CODE\NODEE\Test1\actions-runner\.credentials_migrated'
[2024-12-18 16:51:39Z INFO ConfigurationStore] MigratedCredFilePath: D:\CODE\NODEE\Test1\actions-runner\.credentials_migrated
[2024-12-18 16:51:39Z INFO HostContext] Well known directory 'Bin': 'D:\CODE\NODEE\Test1\actions-runner\bin'
[2024-12-18 16:51:39Z INFO HostContext] Well known directory 'Root': 'D:\CODE\NODEE\Test1\actions-runner'
[2024-12-18 16:51:39Z INFO HostContext] Well known config file 'Service': 'D:\CODE\NODEE\Test1\actions-runner\.service'
[2024-12-18 16:51:39Z INFO ConfigurationStore] ServiceConfigFilePath: D:\CODE\NODEE\Test1\actions-runner\.service
[2024-12-18 16:51:39Z INFO CommandSettings] Flag 'help': 'False'
[2024-12-18 16:51:39Z INFO CommandSettings] Flag 'version': 'False'
[2024-12-18 16:51:39Z INFO CommandSettings] Flag 'commit': 'False'
[2024-12-18 16:51:39Z INFO CommandSettings] Flag 'check': 'False'
[2024-12-18 16:51:39Z INFO CommandSettings] Command 'configure': 'True'
[2024-12-18 16:51:39Z INFO Terminal] WRITE LINE: 
[2024-12-18 16:51:39Z INFO Terminal] WRITE LINE: --------------------------------------------------------------------------------
[2024-12-18 16:51:39Z INFO Terminal] WRITE LINE: |        ____ _ _   _   _       _          _        _   _                      |
[2024-12-18 16:51:39Z INFO Terminal] WRITE LINE: |       / ___(_) |_| | | |_   _| |__      / \   ___| |_(_) ___  _ __  ___      |
[2024-12-18 16:51:39Z INFO Terminal] WRITE LINE: |      | |  _| | __| |_| | | | | '_ \    / _ \ / __| __| |/ _ \| '_ \/ __|     |
[2024-12-18 16:51:39Z INFO Terminal] WRITE LINE: |      | |_| | | |_|  _  | |_| | |_) |  / ___ \ (__| |_| | (_) | | | \__ \     |
[2024-12-18 16:51:39Z INFO Terminal] WRITE LINE: |       \____|_|\__|_| |_|\__,_|_.__/  /_/   \_\___|\__|_|\___/|_| |_|___/     |
[2024-12-18 16:51:39Z INFO Terminal] WRITE LINE: |                                                                              |
[2024-12-18 16:51:39Z INFO Terminal] WRITE: |                       
[2024-12-18 16:51:39Z INFO Terminal] WRITE: Self-hosted runner registration
[2024-12-18 16:51:39Z INFO Terminal] WRITE LINE:                         |
[2024-12-18 16:51:39Z INFO Terminal] WRITE LINE: |                                                                              |
[2024-12-18 16:51:39Z INFO Terminal] WRITE LINE: --------------------------------------------------------------------------------
[2024-12-18 16:51:39Z INFO ConfigurationManager] ConfigureAsync
[2024-12-18 16:51:39Z INFO CommandSettings] Flag 'generateServiceConfig': 'False'
[2024-12-18 16:51:39Z INFO ConfigurationStore] IsConfigured()
[2024-12-18 16:51:39Z INFO ConfigurationStore] IsConfigured: False
[2024-12-18 16:51:39Z INFO ConfigurationManager] Is configured: False
[2024-12-18 16:51:39Z INFO CommandSettings] Arg 'url': 'https://github.com/adharsh-18/node-docker-example'
[2024-12-18 16:51:39Z INFO CommandSettings] Remove url from Arg dictionary.
[2024-12-18 16:51:39Z INFO CommandSettings] Arg 'token': '***'
[2024-12-18 16:51:39Z INFO CommandSettings] Remove token from Arg dictionary.
[2024-12-18 16:51:40Z INFO ConfigurationManager] Http response code: OK from 'POST https://api.github.com/actions/runner-registration' (6B3F:27FE05:9EA6FC:B7B2F5:6762FD9C)
[2024-12-18 16:51:40Z INFO ConfigurationManager] Using V2 flow: False
[2024-12-18 16:51:40Z INFO ConfigurationManager] cred retrieved via GitHub auth
[2024-12-18 16:51:40Z INFO RunnerServer] EstablishVssConnection
[2024-12-18 16:51:40Z INFO RunnerServer] Establish connection with 100 seconds timeout.
[2024-12-18 16:51:40Z INFO GitHubActionsService] Starting operation Location.GetConnectionData
[2024-12-18 16:51:40Z INFO RunnerServer] EstablishVssConnection
[2024-12-18 16:51:40Z INFO RunnerServer] Establish connection with 60 seconds timeout.
[2024-12-18 16:51:40Z INFO GitHubActionsService] Starting operation Location.GetConnectionData
[2024-12-18 16:51:40Z INFO RunnerServer] EstablishVssConnection
[2024-12-18 16:51:40Z INFO RunnerServer] Establish connection with 60 seconds timeout.
[2024-12-18 16:51:40Z INFO GitHubActionsService] Starting operation Location.GetConnectionData
[2024-12-18 16:51:42Z INFO GitHubActionsService] Finished operation Location.GetConnectionData
[2024-12-18 16:51:42Z INFO GitHubActionsService] Finished operation Location.GetConnectionData
[2024-12-18 16:51:42Z INFO GitHubActionsService] Finished operation Location.GetConnectionData
[2024-12-18 16:51:42Z INFO Terminal] WRITE LINE: 
[2024-12-18 16:51:42Z INFO ConfigurationManager] Test Connection complete.
[2024-12-18 16:51:42Z INFO HostContext] Well known directory 'Bin': 'D:\CODE\NODEE\Test1\actions-runner\bin'
[2024-12-18 16:51:42Z INFO HostContext] Well known directory 'Root': 'D:\CODE\NODEE\Test1\actions-runner'
[2024-12-18 16:51:42Z INFO HostContext] Well known config file 'RSACredentials': 'D:\CODE\NODEE\Test1\actions-runner\.credentials_rsaparams'
[2024-12-18 16:51:42Z INFO RSAEncryptedFileKeyManager] Creating new RSA key using 2048-bit key length
[2024-12-18 16:51:43Z INFO RSAEncryptedFileKeyManager] Successfully saved RSA key parameters to file D:\CODE\NODEE\Test1\actions-runner\.credentials_rsaparams
[2024-12-18 16:51:43Z INFO CommandSettings] Arg 'runnergroup': ''
[2024-12-18 16:51:43Z INFO CommandSettings] Flag 'unattended': 'False'
[2024-12-18 16:51:43Z INFO PromptManager] ReadValue
[2024-12-18 16:51:43Z INFO Terminal] WRITE: Enter the name of the runner group to add this runner to: 
[2024-12-18 16:51:43Z INFO Terminal] WRITE: [press Enter for Default] 
[2024-12-18 16:51:43Z INFO Terminal] READ LINE
[2024-12-18 16:51:48Z INFO Terminal] Read value: ''
[2024-12-18 16:51:48Z INFO PromptManager] Falling back to the default: 'Default'
[2024-12-18 16:51:48Z INFO Terminal] WRITE LINE: 
[2024-12-18 16:51:48Z INFO ConfigurationManager] Found a self-hosted runner group with id 1 and name Default
[2024-12-18 16:51:48Z INFO CommandSettings] Flag 'disableupdate': 'False'
[2024-12-18 16:51:48Z INFO CommandSettings] Flag 'ephemeral': 'False'
[2024-12-18 16:51:48Z INFO CommandSettings] Arg 'name': ''
[2024-12-18 16:51:48Z INFO CommandSettings] Flag 'unattended': 'False'
[2024-12-18 16:51:48Z INFO PromptManager] ReadValue
[2024-12-18 16:51:48Z INFO Terminal] WRITE: Enter the name of runner: 
[2024-12-18 16:51:48Z INFO Terminal] WRITE: [press Enter for LATITUDE-5401] 
[2024-12-18 16:51:48Z INFO Terminal] READ LINE
[2024-12-18 16:51:51Z INFO Terminal] Read value: ''
[2024-12-18 16:51:51Z INFO PromptManager] Falling back to the default: 'LATITUDE-5401'
[2024-12-18 16:51:51Z INFO Terminal] WRITE LINE: 
[2024-12-18 16:51:51Z INFO CommandSettings] Arg 'labels': ''
[2024-12-18 16:51:51Z INFO CommandSettings] Flag 'unattended': 'False'
[2024-12-18 16:51:51Z INFO PromptManager] ReadValue
[2024-12-18 16:51:51Z INFO Terminal] WRITE: This runner will have the following labels: 'self-hosted', 'Windows', 'X64' 
Enter any additional labels (ex. label-1,label-2): 
[2024-12-18 16:51:51Z INFO Terminal] WRITE: [press Enter to skip] 
[2024-12-18 16:51:51Z INFO Terminal] READ LINE
[2024-12-18 16:51:55Z INFO Terminal] Read value: ''
[2024-12-18 16:51:55Z INFO Terminal] WRITE LINE: 
[2024-12-18 16:51:55Z INFO CommandSettings] Flag 'disableupdate': 'False'
[2024-12-18 16:51:55Z INFO CommandSettings] Flag 'no-default-labels': 'False'
[2024-12-18 16:51:55Z INFO CommandSettings] Flag 'disableupdate': 'False'
[2024-12-18 16:51:55Z INFO CommandSettings] Flag 'ephemeral': 'False'
[2024-12-18 16:51:55Z INFO ConfigurationStore] Saving OAuth credential @ D:\CODE\NODEE\Test1\actions-runner\.credentials
[2024-12-18 16:51:55Z INFO ConfigurationStore] Credentials Saved.
[2024-12-18 16:51:55Z INFO ConfigurationStore] HasCredentials()
[2024-12-18 16:51:55Z INFO ConfigurationStore] stored True
[2024-12-18 16:51:56Z INFO CredentialManager] GetCredentialProvider
[2024-12-18 16:51:56Z INFO CredentialManager] Creating type OAuth
[2024-12-18 16:51:56Z INFO CredentialManager] Creating credential type: OAuth
[2024-12-18 16:51:56Z INFO RSAEncryptedFileKeyManager] Loading RSA key parameters from file D:\CODE\NODEE\Test1\actions-runner\.credentials_rsaparams
[2024-12-18 16:51:56Z INFO RunnerServer] EstablishVssConnection
[2024-12-18 16:51:56Z INFO RunnerServer] Establish connection with 100 seconds timeout.
[2024-12-18 16:51:56Z INFO GitHubActionsService] Starting operation Location.GetConnectionData
[2024-12-18 16:51:56Z INFO RunnerServer] EstablishVssConnection
[2024-12-18 16:51:56Z INFO RunnerServer] Establish connection with 60 seconds timeout.
[2024-12-18 16:51:56Z INFO GitHubActionsService] Starting operation Location.GetConnectionData
[2024-12-18 16:51:56Z INFO RunnerServer] EstablishVssConnection
[2024-12-18 16:51:56Z INFO RunnerServer] Establish connection with 60 seconds timeout.
[2024-12-18 16:51:56Z INFO GitHubActionsService] Starting operation Location.GetConnectionData
[2024-12-18 16:51:56Z INFO GitHubActionsService] Finished operation Location.GetConnectionData
[2024-12-18 16:51:57Z INFO GitHubActionsService] Finished operation Location.GetConnectionData
[2024-12-18 16:51:57Z INFO GitHubActionsService] Finished operation Location.GetConnectionData
[2024-12-18 16:51:57Z INFO RSAEncryptedFileKeyManager] Loading RSA key parameters from file D:\CODE\NODEE\Test1\actions-runner\.credentials_rsaparams
[2024-12-18 16:51:57Z INFO RSAEncryptedFileKeyManager] Loading RSA key parameters from file D:\CODE\NODEE\Test1\actions-runner\.credentials_rsaparams
[2024-12-18 16:51:58Z INFO GitHubActionsService] AAD Correlation ID for this token request: Unknown
[2024-12-18 16:51:58Z INFO CommandSettings] Arg 'work': ''
[2024-12-18 16:51:58Z INFO CommandSettings] Flag 'unattended': 'False'
[2024-12-18 16:51:58Z INFO PromptManager] ReadValue
[2024-12-18 16:51:58Z INFO Terminal] WRITE: Enter name of work folder: 
[2024-12-18 16:51:58Z INFO Terminal] WRITE: [press Enter for _work] 
[2024-12-18 16:51:58Z INFO Terminal] READ LINE
[2024-12-18 16:52:02Z INFO Terminal] Read value: ''
[2024-12-18 16:52:02Z INFO PromptManager] Falling back to the default: '_work'
[2024-12-18 16:52:02Z INFO ConfigurationStore] Saving runner settings.
[2024-12-18 16:52:02Z INFO ConfigurationStore] Settings Saved.
[2024-12-18 16:52:02Z INFO Terminal] WRITE LINE: 
[2024-12-18 16:52:02Z INFO Terminal] WRITE LINE: 
[2024-12-18 16:52:02Z INFO CommandSettings] Flag 'runasservice': 'False'
[2024-12-18 16:52:02Z INFO CommandSettings] Flag 'unattended': 'False'
[2024-12-18 16:52:02Z INFO PromptManager] ReadValue
[2024-12-18 16:52:02Z INFO Terminal] WRITE: Would you like to run the runner as service? (Y/N) 
[2024-12-18 16:52:02Z INFO Terminal] WRITE: [press Enter for N] 
[2024-12-18 16:52:02Z INFO Terminal] READ LINE
[2024-12-18 16:52:10Z INFO Terminal] Read value: ''
[2024-12-18 16:52:10Z INFO PromptManager] Falling back to the default: 'N'
[2024-12-18 16:52:10Z INFO Listener] Runner execution has finished with return code 0
